<?xml version="1.0" encoding="utf-8"?><testsuites name="pytest tests"><testsuite name="pytest" errors="0" failures="0" skipped="0" tests="22" time="4.694" timestamp="2026-06-30T23:22:35.792257+00:00" hostname="agent-env-45dfb214-9fd7-4e26-ad32-c6ae2bd55095"><testcase classname="backend.tests.test_dashboard_concurrency" name="test_root" time="0.877" /><testcase classname="backend.tests.test_dashboard_concurrency" name="test_system_state" time="0.054" /><testcase classname="backend.tests.test_dashboard_concurrency" name="test_dashboard_endpoint_ok[/account]" time="0.107" /><testcase classname="backend.tests.test_dashboard_concurrency" name="test_dashboard_endpoint_ok[/positions]" time="0.079" /><testcase classname="backend.tests.test_dashboard_concurrency" name="test_dashboard_endpoint_ok[/portfolio/flags]" time="0.060" /><testcase classname="backend.tests.test_dashboard_concurrency" name="test_dashboard_endpoint_ok[/portfolio/sectors]" time="0.054" /><testcase classname="backend.tests.test_dashboard_concurrency" name="test_dashboard_endpoint_ok[/portfolio/benchmark]" time="0.221" /><testcase classname="backend.tests.test_dashboard_concurrency" name="test_dashboard_concurrent_load" time="1.344" /><testcase classname="backend.tests.test_dashboard_concurrency" name="test_watchlist_list" time="0.552" /><testcase classname="backend.tests.test_dashboard_concurrency" name="test_trades_list" time="0.054" /><testcase classname="backend.tests.test_dashboard_concurrency" name="test_reports_pnl" time="0.061" /><testcase classname="backend.tests.test_dashboard_concurrency" name="test_strategy_config" time="0.059" /><testcase classname="backend.tests.test_dashboard_concurrency" name="test_alerts" time="0.055" /><testcase classname="backend.tests.test_dashboard_concurrency" name="test_watchlist_add_update_delete" time="0.408" /><testcase classname="backend.tests.test_dashboard_concurrency" name="test_influencer_status" time="0.054" /><testcase classname="backend.tests.test_dashboard_concurrency" name="test_influencer_channels_seeded" time="0.053" /><testcase classname="backend.tests.test_dashboard_concurrency" name="test_influencer_channel_add_toggle_delete" time="0.177" /><testcase classname="backend.tests.test_dashboard_concurrency" name="test_influencer_scan_blocked" time="0.059" /><testcase classname="backend.tests.test_dashboard_concurrency" name="test_set_mode_paper" time="0.055" /><testcase classname="backend.tests.test_dashboard_concurrency" name="test_set_live_requires_confirmation" time="0.053" /><testcase classname="backend.tests.test_dashboard_concurrency" name="test_safety_limits_save" time="0.054" /><testcase classname="backend.tests.test_dashboard_concurrency" name="test_kill_switch_toggle" time="0.114" /></testsuite></testsuites>