<?xml version="1.0" encoding="utf-8"?><testsuites name="pytest tests"><testsuite name="pytest" errors="0" failures="0" skipped="0" tests="15" time="5.187" timestamp="2026-06-30T19:33:59.183454+00:00" hostname="agent-env-45dfb214-9fd7-4e26-ad32-c6ae2bd55095"><testcase classname="backend.tests.backend_test.TestSystemAndAccount" name="test_root" time="0.310" /><testcase classname="backend.tests.backend_test.TestSystemAndAccount" name="test_system_state" time="0.056" /><testcase classname="backend.tests.backend_test.TestSystemAndAccount" name="test_account" time="0.214" /><testcase classname="backend.tests.backend_test.TestSystemAndAccount" name="test_positions" time="0.092" /><testcase classname="backend.tests.backend_test.TestWatchlistCRUD" name="test_seeded_list" time="0.058" /><testcase classname="backend.tests.backend_test.TestWatchlistCRUD" name="test_add_update_delete" time="0.366" /><testcase classname="backend.tests.backend_test.TestWatchlistCRUD" name="test_update_parameters_sort_sell_steps" time="0.117" /><testcase classname="backend.tests.backend_test.TestForceBuyFlow" name="test_force_buy_and_log" time="2.818" /><testcase classname="backend.tests.backend_test.TestKillSwitch" name="test_kill_switch_halts" time="0.266" /><testcase classname="backend.tests.backend_test.TestSafetyLimits" name="test_safety_limits_update" time="0.174" /><testcase classname="backend.tests.backend_test.TestModeSwitch" name="test_mode_switch_validations" time="0.261" /><testcase classname="backend.tests.backend_test.TestTradeFilters" name="test_ticker_filter" time="0.051" /><testcase classname="backend.tests.backend_test.TestTradeFilters" name="test_date_range" time="0.051" /><testcase classname="backend.tests.backend_test.TestSuggestions" name="test_generate_and_list" time="0.106" /><testcase classname="backend.tests.backend_test.TestAlerts" name="test_alerts_and_ack" time="0.158" /></testsuite></testsuites>